Performing C SOURCE FILE Test CMAKE_HAVE_LIBC_PTHREAD failed with the following output:
Change Dir: /home/huvalk/Polaris/Main/cmake-build-debug/CMakeFiles/CMakeTmp

Run Build Command(s):/usr/bin/make cmTC_ce10f/fast && /usr/bin/make -f CMakeFiles/cmTC_ce10f.dir/build.make CMakeFiles/cmTC_ce10f.dir/build
make[1]: вход в каталог «/home/huvalk/Polaris/Main/cmake-build-debug/CMakeFiles/CMakeTmp»
Building C object CMakeFiles/cmTC_ce10f.dir/src.c.o
/usr/bin/cc   -DCMAKE_HAVE_LIBC_PTHREAD   -o CMakeFiles/cmTC_ce10f.dir/src.c.o   -c /home/huvalk/Polaris/Main/cmake-build-debug/CMakeFiles/CMakeTmp/src.c
Linking C executable cmTC_ce10f
/home/huvalk/Загрузки/cmake-3.15.5/bin/cmake -E cmake_link_script CMakeFiles/cmTC_ce10f.dir/link.txt --verbose=1
/usr/bin/cc  -DCMAKE_HAVE_LIBC_PTHREAD    CMakeFiles/cmTC_ce10f.dir/src.c.o  -o cmTC_ce10f 
CMakeFiles/cmTC_ce10f.dir/src.c.o: In function `main':
src.c:(.text+0x3e): undefined reference to `pthread_create'
src.c:(.text+0x4a): undefined reference to `pthread_detach'
src.c:(.text+0x5b): undefined reference to `pthread_join'
src.c:(.text+0x6f): undefined reference to `pthread_atfork'
collect2: error: ld returned 1 exit status
CMakeFiles/cmTC_ce10f.dir/build.make:86: recipe for target 'cmTC_ce10f' failed
make[1]: *** [cmTC_ce10f] Error 1
make[1]: выход из каталога «/home/huvalk/Polaris/Main/cmake-build-debug/CMakeFiles/CMakeTmp»
Makefile:121: recipe for target 'cmTC_ce10f/fast' failed
make: *** [cmTC_ce10f/fast] Error 2


Source file was:
#include <pthread.h>

void* test_func(void* data)
{
  return data;
}

int main(void)
{
  pthread_t thread;
  pthread_create(&thread, NULL, test_func, NULL);
  pthread_detach(thread);
  pthread_join(thread, NULL);
  pthread_atfork(NULL, NULL, NULL);
  pthread_exit(NULL);

  return 0;
}

Determining if the function pthread_create exists in the pthreads failed with the following output:
Change Dir: /home/huvalk/Polaris/Main/cmake-build-debug/CMakeFiles/CMakeTmp

Run Build Command(s):/usr/bin/make cmTC_bf27c/fast && /usr/bin/make -f CMakeFiles/cmTC_bf27c.dir/build.make CMakeFiles/cmTC_bf27c.dir/build
make[1]: вход в каталог «/home/huvalk/Polaris/Main/cmake-build-debug/CMakeFiles/CMakeTmp»
Building C object CMakeFiles/cmTC_bf27c.dir/CheckFunctionExists.c.o
/usr/bin/cc   -DCHECK_FUNCTION_EXISTS=pthread_create   -o CMakeFiles/cmTC_bf27c.dir/CheckFunctionExists.c.o   -c /home/huvalk/Загрузки/cmake-3.15.5/Modules/CheckFunctionExists.c
Linking C executable cmTC_bf27c
/home/huvalk/Загрузки/cmake-3.15.5/bin/cmake -E cmake_link_script CMakeFiles/cmTC_bf27c.dir/link.txt --verbose=1
/usr/bin/cc  -DCHECK_FUNCTION_EXISTS=pthread_create    CMakeFiles/cmTC_bf27c.dir/CheckFunctionExists.c.o  -o cmTC_bf27c -lpthreads 
/usr/bin/ld: cannot find -lpthreads
collect2: error: ld returned 1 exit status
CMakeFiles/cmTC_bf27c.dir/build.make:86: recipe for target 'cmTC_bf27c' failed
make[1]: *** [cmTC_bf27c] Error 1
make[1]: выход из каталога «/home/huvalk/Polaris/Main/cmake-build-debug/CMakeFiles/CMakeTmp»
Makefile:121: recipe for target 'cmTC_bf27c/fast' failed
make: *** [cmTC_bf27c/fast] Error 2



